<?xml version="1.0" encoding="UTF-8"?>
<!-- Generated by org.testng.reporters.JUnitReportReporter -->
<testsuite skipped="0" hostname="DESKTOP-I445HLT" name="com.raviautomation.runner.TestRunner" tests="1" failures="0" timestamp="18 Oct 2020 15:35:45 GMT" time="15.203" errors="0">
  <testcase name="runScenarios" time="15.203" classname="com.raviautomation.runner.TestRunner"/>
</testsuite> <!-- com.raviautomation.runner.TestRunner -->
