<?xml version="1.0" encoding="UTF-8"?>
<!-- Generated by org.testng.reporters.JUnitReportReporter -->
<testsuite skipped="0" hostname="DESKTOP-I445HLT" name="com.raviautomation.runner.TestRunner" tests="1" failures="0" timestamp="2020-10-18T18:48:50 IST" time="20.429" errors="0">
  <testcase name="runScenarios" time="20.429" classname="com.raviautomation.runner.TestRunner"/>
  <system-out/>
</testsuite> <!-- com.raviautomation.runner.TestRunner -->
